[debug] [2023-11-24T14:33:20.295Z] ----------------------------------------------------------------------
[debug] [2023-11-24T14:33:20.299Z] Command:       C:\Program Files\nodejs\node.exe C:\Users\Dell\AppData\Roaming\npm\node_modules\firebase-tools\lib\bin\firebase.js init
[debug] [2023-11-24T14:33:20.301Z] CLI Version:   12.9.1
[debug] [2023-11-24T14:33:20.302Z] Platform:      win32
[debug] [2023-11-24T14:33:20.302Z] Node Version:  v18.15.0
[debug] [2023-11-24T14:33:20.304Z] Time:          Fri Nov 24 2023 20:03:20 GMT+0530 (India Standard Time)
[debug] [2023-11-24T14:33:20.304Z] ----------------------------------------------------------------------
[debug] 
[debug] [2023-11-24T14:33:20.323Z] > command requires scopes: ["email","openid","https://www.googleapis.com/auth/cloudplatformprojects.readonly","https://www.googleapis.com/auth/firebase","https://www.googleapis.com/auth/cloud-platform"]
[debug] [2023-11-24T14:33:20.324Z] > authorizing via signed-in user (absaini2005@gmail.com)
[info] 
     ######## #### ########  ######## ########     ###     ######  ########
     ##        ##  ##     ## ##       ##     ##  ##   ##  ##       ##
     ######    ##  ########  ######   ########  #########  ######  ######
     ##        ##  ##    ##  ##       ##     ## ##     ##       ## ##
     ##       #### ##     ## ######## ########  ##     ##  ######  ########

You're about to initialize a Firebase project in this directory:

  C:\Users\Dell\Desktop\angular_Projects\shopping-project\shopping-App

[info] 
=== Project Setup
[info] 
[info] First, let's associate this project directory with a Firebase project.
[info] You can create multiple project aliases by running firebase use --add, 
[info] but for now we'll just set up a default project.
[info] 
[debug] [2023-11-24T14:33:36.947Z] >>> [apiv2][query] GET https://firebase.googleapis.com/v1beta1/projects pageSize=100
[debug] [2023-11-24T14:33:38.407Z] <<< [apiv2][status] GET https://firebase.googleapis.com/v1beta1/projects 200
[debug] [2023-11-24T14:33:38.407Z] <<< [apiv2][body] GET https://firebase.googleapis.com/v1beta1/projects [omitted]
[info] i  Using project shopping-app-9f9c8 (Shopping-App) 
[info] 
=== Hosting Setup
[debug] [2023-11-24T14:33:45.122Z] >>> [apiv2][query] GET https://firebase.googleapis.com/v1beta1/projects/shopping-app-9f9c8 [none]
[debug] [2023-11-24T14:33:45.788Z] <<< [apiv2][status] GET https://firebase.googleapis.com/v1beta1/projects/shopping-app-9f9c8 200
[debug] [2023-11-24T14:33:45.789Z] <<< [apiv2][body] GET https://firebase.googleapis.com/v1beta1/projects/shopping-app-9f9c8 {"projectId":"shopping-app-9f9c8","projectNumber":"238812724546","displayName":"Shopping-App","name":"projects/shopping-app-9f9c8","resources":{"hostingSite":"shopping-app-9f9c8","realtimeDatabaseInstance":"shopping-app-9f9c8-default-rtdb","storageBucket":"shopping-app-9f9c8.appspot.com","locationId":"asia-northeast2"},"state":"ACTIVE","etag":"1_8aae09a3-d0ac-4264-8c21-4e365d2c956c"}
[info] 
[info] Your public directory is the folder (relative to your project directory) that
[info] will contain Hosting assets to be uploaded with firebase deploy. If you
[info] have a build process for your assets, use your build's output directory.
[info] 
[debug] [2023-11-24T14:34:04.242Z] >>> [apiv2][query] GET https://www.gstatic.com/firebasejs/releases.json [none]
[debug] [2023-11-24T14:34:04.605Z] <<< [apiv2][status] GET https://www.gstatic.com/firebasejs/releases.json 200
[debug] [2023-11-24T14:34:04.606Z] <<< [apiv2][body] GET https://www.gstatic.com/firebasejs/releases.json {"current":{"version":"10.6.0","browserURL":"https://www.gstatic.com/firebasejs/10.6.0/firebase.js","packageURL":"https://www.gstatic.com/firebasejs/10.6.0/firebase.tgz"},"live":{"version":"10.6","browserURL":"https://www.gstatic.com/firebasejs/live/10.6/firebase.js","packageURL":"https://www.gstatic.com/firebasejs/live/10.6/firebase.tgz"},"components":{"analytics":"https://www.gstatic.com/firebasejs/10.6.0/firebase-analytics.js","app":"https://www.gstatic.com/firebasejs/10.6.0/firebase-app.js","app-check":"https://www.gstatic.com/firebasejs/10.6.0/firebase-app-check.js","auth":"https://www.gstatic.com/firebasejs/10.6.0/firebase-auth.js","auth/cordova":"https://www.gstatic.com/firebasejs/10.6.0/firebase-auth/cordova.js","functions":"https://www.gstatic.com/firebasejs/10.6.0/firebase-functions.js","firestore":"https://www.gstatic.com/firebasejs/10.6.0/firebase-firestore.js","firestore/lite":"https://www.gstatic.com/firebasejs/10.6.0/firebase-firestore/lite.js","installations":"https://www.gstatic.com/firebasejs/10.6.0/firebase-installations.js","storage":"https://www.gstatic.com/firebasejs/10.6.0/firebase-storage.js","performance":"https://www.gstatic.com/firebasejs/10.6.0/firebase-performance.js","remote-config":"https://www.gstatic.com/firebasejs/10.6.0/firebase-remote-config.js","messaging":"https://www.gstatic.com/firebasejs/10.6.0/firebase-messaging.js","messaging/sw":"https://www.gstatic.com/firebasejs/10.6.0/firebase-messaging/sw.js","database":"https://www.gstatic.com/firebasejs/10.6.0/firebase-database.js","firestore.memory":"https://www.gstatic.com/firebasejs/10.6.0/firebase-firestore.memory.js"}}
[info] +  Wrote y/index.html 
[info] 
[info] i  Detected a .git folder at C:\Users\Dell\Desktop\angular_Projects\shopping-project\shopping-App 
[info] i  Authorizing with GitHub to upload your service account to a GitHub repository's secrets store. 
[info] 
[info] Visit this URL on this device to log in:
[info] https://github.com/login/oauth/authorize?client_id=89cf50f02ac6aaed3484&state=109967784&redirect_uri=http%3A%2F%2Flocalhost%3A9005&scope=read%3Auser%20repo%20public_repo
[info] 
[info] Waiting for authentication...
[debug] [2023-11-24T14:36:44.487Z] >>> [apiv2][query] POST https://github.com/login/oauth/access_token [none]
[debug] [2023-11-24T14:36:44.488Z] >>> [apiv2][body] POST https://github.com/login/oauth/access_token [stream]
[debug] [2023-11-24T14:36:45.161Z] <<< [apiv2][status] POST https://github.com/login/oauth/access_token 200
[debug] [2023-11-24T14:36:45.162Z] <<< [apiv2][body] POST https://github.com/login/oauth/access_token {"access_token":"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","token_type":"bearer","scope":"read:user,repo"}
[debug] [2023-11-24T14:36:45.193Z] >>> [apiv2][query] GET https://api.github.com/user [none]
[debug] [2023-11-24T14:36:45.738Z] <<< [apiv2][status] GET https://api.github.com/user 200
[debug] [2023-11-24T14:36:45.738Z] <<< [apiv2][body] GET https://api.github.com/user {"login":"Abhi-saini-123","id":140476011,"node_id":"U_kgDOCF9-aw","avatar_url":"https://avatars.githubusercontent.com/u/140476011?v=4","gravatar_id":"","url":"https://api.github.com/users/Abhi-saini-123","html_url":"https://github.com/Abhi-saini-123","followers_url":"https://api.github.com/users/Abhi-saini-123/followers","following_url":"https://api.github.com/users/Abhi-saini-123/following{/other_user}","gists_url":"https://api.github.com/users/Abhi-saini-123/gists{/gist_id}","starred_url":"https://api.github.com/users/Abhi-saini-123/starred{/owner}{/repo}","subscriptions_url":"https://api.github.com/users/Abhi-saini-123/subscriptions","organizations_url":"https://api.github.com/users/Abhi-saini-123/orgs","repos_url":"https://api.github.com/users/Abhi-saini-123/repos","events_url":"https://api.github.com/users/Abhi-saini-123/events{/privacy}","received_events_url":"https://api.github.com/users/Abhi-saini-123/received_events","type":"User","site_admin":false,"name":null,"company":null,"blog":"","location":null,"email":null,"hireable":null,"bio":null,"twitter_username":null,"public_repos":2,"public_gists":0,"followers":0,"following":0,"created_at":"2023-07-25T04:13:16Z","updated_at":"2023-11-24T14:36:17Z","private_gists":0,"total_private_repos":0,"owned_private_repos":0,"disk_usage":16106,"collaborators":0,"two_factor_authentication":false,"plan":{"name":"free","space":976562499,"collaborators":0,"private_repos":10000}}
[info] 
[info] +  Success! Logged into GitHub as Abhi-saini-123 
[info] 
